<?xml version="1.0" encoding="UTF-8"?>
<!-- Generated by org.testng.reporters.JUnitReportReporter -->
<testsuite hostname="inbl01lap7026" failures="0" tests="1" name="com.OpenMs.TestCases.TC_004_verify_RoberTaylor_Id" time="18.584" errors="0" timestamp="2022-02-19T15:30:25 IST" skipped="0">
  <testcase classname="com.OpenMs.TestCases.TC_004_verify_RoberTaylor_Id" name="searchpatientID" time="18.584"/>
  <system-out/>
</testsuite> <!-- com.OpenMs.TestCases.TC_004_verify_RoberTaylor_Id -->
