<?xml version="1.0" encoding="UTF-8"?>
<!-- Generated by org.testng.reporters.JUnitReportReporter -->
<testsuite hostname="inbl01lap7026" failures="0" tests="1" name="com.OpenMs.TestCases.TC_001_Verify_login" time="13.682" errors="0" timestamp="2022-02-19T15:30:25 IST" skipped="0">
  <testcase classname="com.OpenMs.TestCases.TC_001_Verify_login" name="loginTest" time="13.682"/>
  <system-out/>
</testsuite> <!-- com.OpenMs.TestCases.TC_001_Verify_login -->
