<?xml version="1.0" encoding="UTF-8"?>
<!-- Generated by org.testng.reporters.JUnitReportReporter -->
<testsuite hostname="inbl01lap7026" failures="0" tests="1" name="RestAssuredTestCase.Test_POST" time="0.529" errors="0" timestamp="19 Feb 2022 07:00:41 GMT" skipped="0">
  <testcase classname="RestAssuredTestCase.Test_POST" name="PutRequest" time="0.529"/>
</testsuite> <!-- RestAssuredTestCase.Test_POST -->
