<?xml version="1.0" encoding="UTF-8"?>
<!-- Generated by org.testng.reporters.JUnitReportReporter -->
<testsuite hostname="inbl01lap7026" failures="0" tests="1" name="RestAssuredTestCase.GETRequestDemo" time="2.208" errors="0" timestamp="19 Feb 2022 07:00:41 GMT" skipped="0">
  <testcase classname="RestAssuredTestCase.GETRequestDemo" name="Get_Request" time="2.208"/>
</testsuite> <!-- RestAssuredTestCase.GETRequestDemo -->
